Using pre-set license
Built from '2020.3/staging' branch; Version is '2020.3.23f1 (c5d91304a876) revision 12966163'; Using compiler version '192528614'; Build Type 'Release'
OS: 'Windows 10 Home Single Language; OS build 22000.376; Version 2009; 64bit' Language: 'ru' Physical Memory: 15748 MB
BatchMode: 1, IsHumanControllingUs: 0, StartBugReporterOnCrash: 0, Is64bit: 1, IsPro: 0

COMMAND LINE ARGUMENTS:
C:\Program Files\Unity\Hub\Editor\2020.3.23f1\Editor\Unity.exe
-adb2
-batchMode
-noUpm
-name
AssetImportWorker0
-projectPath
C:/Users/olegg/Downloads/SnakeGretskiy/Snake
-logFile
Logs/AssetImportWorker0.log
-srvPort
34476
Successfully changed project path to: C:/Users/olegg/Downloads/SnakeGretskiy/Snake
C:/Users/olegg/Downloads/SnakeGretskiy/Snake
Using Asset Import Pipeline V2.
Refreshing native plugins compatible for Editor in 51.23 ms, found 2 plugins.
Preloading 0 native plugins for Editor in 0.00 ms.
Initialize engine version: 2020.3.23f1 (c5d91304a876)
[Subsystems] Discovering subsystems at path C:/Program Files/Unity/Hub/Editor/2020.3.23f1/Editor/Data/Resources/UnitySubsystems
[Subsystems] Discovering subsystems at path C:/Users/olegg/Downloads/SnakeGretskiy/Snake/Assets
GfxDevice: creating device client; threaded=0
Direct3D:
    Version:  Direct3D 11.0 [level 11.1]
    Renderer: NVIDIA GeForce GTX 1650 (ID=0x1f82)
    Vendor:   
    VRAM:     3962 MB
    Driver:   30.0.14.9729
Initialize mono
Mono path[0] = 'C:/Program Files/Unity/Hub/Editor/2020.3.23f1/Editor/Data/Managed'
Mono path[1] = 'C:/Program Files/Unity/Hub/Editor/2020.3.23f1/Editor/Data/MonoBleedingEdge/lib/mono/unityjit'
Mono config path = 'C:/Program Files/Unity/Hub/Editor/2020.3.23f1/Editor/Data/MonoBleedingEdge/etc'
Using monoOptions --debugger-agent=transport=dt_socket,embedding=1,server=y,suspend=n,address=127.0.0.1:56636
Begin MonoManager ReloadAssembly
Registering precompiled unity dll's ...
Register platform support module: C:/Program Files/Unity/Hub/Editor/2020.3.23f1/Editor/Data/PlaybackEngines/WindowsStandaloneSupport/UnityEditor.WindowsStandalone.Extensions.dll
Registered in 0.002434 seconds.
Native extension for WindowsStandalone target not found
Refreshing native plugins compatible for Editor in 47.34 ms, found 2 plugins.
Preloading 0 native plugins for Editor in 0.00 ms.
Mono: successfully reloaded assembly
- Completed reload, in  0.945 seconds
Domain Reload Profiling:
	ReloadAssembly (946ms)
		BeginReloadAssembly (84ms)
			ExecutionOrderSort (0ms)
			DisableScriptedObjects (0ms)
			BackupInstance (0ms)
			ReleaseScriptingObjects (0ms)
			CreateAndSetChildDomain (1ms)
		EndReloadAssembly (753ms)
			LoadAssemblies (81ms)
			RebuildTransferFunctionScriptingTraits (0ms)
			SetupTypeCache (236ms)
			ReleaseScriptCaches (0ms)
			RebuildScriptCaches (55ms)
			SetupLoadedEditorAssemblies (269ms)
				LogAssemblyErrors (0ms)
				InitializePlatformSupportModulesInManaged (8ms)
				SetLoadedEditorAssemblies (0ms)
				RefreshPlugins (48ms)
				BeforeProcessingInitializeOnLoad (26ms)
				ProcessInitializeOnLoadAttributes (139ms)
				ProcessInitializeOnLoadMethodAttributes (48ms)
				AfterProcessingInitializeOnLoad (0ms)
				EditorAssembliesLoaded (0ms)
			ExecutionOrderSort2 (0ms)
			AwakeInstancesAfterBackupRestoration (0ms)
Platform modules already initialized, skipping
Registering precompiled user dll's ...
Registered in 0.004561 seconds.
Begin MonoManager ReloadAssembly
Native extension for WindowsStandalone target not found
Refreshing native plugins compatible for Editor in 1.37 ms, found 2 plugins.
Preloading 0 native plugins for Editor in 0.00 ms.
Mono: successfully reloaded assembly
- Completed reload, in  1.696 seconds
Domain Reload Profiling:
	ReloadAssembly (1697ms)
		BeginReloadAssembly (247ms)
			ExecutionOrderSort (0ms)
			DisableScriptedObjects (7ms)
			BackupInstance (0ms)
			ReleaseScriptingObjects (0ms)
			CreateAndSetChildDomain (49ms)
		EndReloadAssembly (1353ms)
			LoadAssemblies (155ms)
			RebuildTransferFunctionScriptingTraits (0ms)
			SetupTypeCache (490ms)
			ReleaseScriptCaches (1ms)
			RebuildScriptCaches (74ms)
			SetupLoadedEditorAssemblies (526ms)
				LogAssemblyErrors (0ms)
				InitializePlatformSupportModulesInManaged (9ms)
				SetLoadedEditorAssemblies (1ms)
				RefreshPlugins (2ms)
				BeforeProcessingInitializeOnLoad (137ms)
				ProcessInitializeOnLoadAttributes (354ms)
				ProcessInitializeOnLoadMethodAttributes (17ms)
				AfterProcessingInitializeOnLoad (6ms)
				EditorAssembliesLoaded (1ms)
			ExecutionOrderSort2 (0ms)
			AwakeInstancesAfterBackupRestoration (11ms)
Platform modules already initialized, skipping
========================================================================
Worker process is ready to serve import requests
Launched and connected shader compiler UnityShaderCompiler.exe after 0.08 seconds
Refreshing native plugins compatible for Editor in 1.15 ms, found 2 plugins.
Preloading 0 native plugins for Editor in 0.00 ms.
Unloading 1509 Unused Serialized files (Serialized files now loaded: 0)
System memory in use before: 74.3 MB.
System memory in use after: 74.4 MB.

Unloading 19 unused Assets to reduce memory usage. Loaded Objects now: 1951.
Total: 5.888100 ms (FindLiveObjects: 0.449600 ms CreateObjectMapping: 0.060100 ms MarkObjects: 5.180900 ms  DeleteObjects: 0.191700 ms)

AssetImportParameters requested are different than current active one (requested -> active):
  custom:framework-win-MediaFoundation: 216162199b28c13a410421893ffa2e32 -> 
  custom:video-decoder-ogg-theora: a1e56fd34408186e4bbccfd4996cb3dc -> 
  custom:container-muxer-webm: aa71ff27fc2769a1b78a27578f13a17b -> 
  custom:container-demuxer-webm: 4f35f7cbe854078d1ac9338744f61a02 -> 
  custom:container-demuxer-ogg: 62fdf1f143b41e24485cea50d1cbac27 -> 
  custom:video-encoder-webm-vp8: eb34c28f22e8b96e1ab97ce403110664 -> 
  custom:video-decoder-webm-vp8: 9c59270c3fd7afecdb556c50c9e8de78 -> 
  custom:audio-decoder-ogg-vorbis: bf7c407c2cedff20999df2af8eb42d56 -> 
  custom:audio-encoder-webm-vorbis: bf7c407c2cedff20999df2af8eb42d56 -> 
========================================================================
Received Import Request.
  path: Assets/UI/highscore-img.png
  artifactKey: Guid(444ab139c6d5a394c94aa8db66dd8087) Importer(815301076,1909f56bfc062723c751e8b465ee728b)
Start importing Assets/UI/highscore-img.png using Guid(444ab139c6d5a394c94aa8db66dd8087) Importer(815301076,1909f56bfc062723c751e8b465ee728b)  -> (artifact id: '16d99ac52daca804960e75c68f0979bc') in 0.240774 seconds 
  Import took 0.246590 seconds .

========================================================================
Received Import Request.
  Time since last request: 31.991219 seconds.
  path: Assets/ScriptableObjects/Template/Level Rule Template.asset
  artifactKey: Guid(235cc7781c83dfa4dbe8bacf9d154c87) Importer(815301076,1909f56bfc062723c751e8b465ee728b)
Start importing Assets/ScriptableObjects/Template/Level Rule Template.asset using Guid(235cc7781c83dfa4dbe8bacf9d154c87) Importer(815301076,1909f56bfc062723c751e8b465ee728b)  -> (artifact id: '147c6cda25cc7dc0c224373bda26d380') in 0.043204 seconds 
  Import took 0.051783 seconds .

========================================================================
Received Import Request.
  Time since last request: 0.000412 seconds.
  path: Assets/ScriptableObjects/Template/Snake Variables Template.asset
  artifactKey: Guid(7cbb9b1442555594bbb54bc0a5be5f21) Importer(815301076,1909f56bfc062723c751e8b465ee728b)
Start importing Assets/ScriptableObjects/Template/Snake Variables Template.asset using Guid(7cbb9b1442555594bbb54bc0a5be5f21) Importer(815301076,1909f56bfc062723c751e8b465ee728b)  -> (artifact id: '4b80864ab0f903ac62ebc6d61b4725c6') in 0.042112 seconds 
  Import took 0.049138 seconds .

========================================================================
Received Import Request.
  Time since last request: 0.000425 seconds.
  path: Assets/ScriptableObjects/Template/Snake Color Template.asset
  artifactKey: Guid(f8e703e76b53ce242a3d52a5dbbf5ece) Importer(815301076,1909f56bfc062723c751e8b465ee728b)
Start importing Assets/ScriptableObjects/Template/Snake Color Template.asset using Guid(f8e703e76b53ce242a3d52a5dbbf5ece) Importer(815301076,1909f56bfc062723c751e8b465ee728b)  -> (artifact id: '69e231c176ee0f0d22ee33e28fd56127') in 0.040666 seconds 
  Import took 0.048886 seconds .

========================================================================
Received Import Request.
  Time since last request: 6.295808 seconds.
  path: Assets/Scenes/LevelTemplate/ReflectionProbe-0.exr
  artifactKey: Guid(201a823658b146b49a453a9f7120d2a1) Importer(815301076,1909f56bfc062723c751e8b465ee728b)
Start importing Assets/Scenes/LevelTemplate/ReflectionProbe-0.exr using Guid(201a823658b146b49a453a9f7120d2a1) Importer(815301076,1909f56bfc062723c751e8b465ee728b)  -> (artifact id: '6ed3101d3d63781acc69e2cd28a7dd76') in 0.076896 seconds 
  Import took 0.083293 seconds .

========================================================================
Received Import Request.
  Time since last request: 1.213595 seconds.
  path: Assets/Materials/908285-6102332598a17028c6f1b1e22cafc104.jpg
  artifactKey: Guid(035dd82ded829134f9b5ba2d4e971732) Importer(815301076,1909f56bfc062723c751e8b465ee728b)
Start importing Assets/Materials/908285-6102332598a17028c6f1b1e22cafc104.jpg using Guid(035dd82ded829134f9b5ba2d4e971732) Importer(815301076,1909f56bfc062723c751e8b465ee728b)  -> (artifact id: 'd79db6dc2307ec64bf365a2c726e4b40') in 0.067397 seconds 
  Import took 0.077531 seconds .

========================================================================
Received Import Request.
  Time since last request: 0.000489 seconds.
  path: Assets/Materials/1626805740_29-kartinkin-com-p-tailovaya-tekstura-krasivo-30.png
  artifactKey: Guid(5bd09d757c180c44caccaf74e3ae661e) Importer(815301076,1909f56bfc062723c751e8b465ee728b)
Start importing Assets/Materials/1626805740_29-kartinkin-com-p-tailovaya-tekstura-krasivo-30.png using Guid(5bd09d757c180c44caccaf74e3ae661e) Importer(815301076,1909f56bfc062723c751e8b465ee728b)  -> (artifact id: 'c591e6659d9eb276592881e40e38fb0c') in 0.064748 seconds 
  Import took 0.071326 seconds .

========================================================================
Received Import Request.
  Time since last request: 0.000691 seconds.
  path: Assets/Materials/grass-98.jpg
  artifactKey: Guid(df09ee001012cc94cb252305d7ef1f6d) Importer(815301076,1909f56bfc062723c751e8b465ee728b)
Start importing Assets/Materials/grass-98.jpg using Guid(df09ee001012cc94cb252305d7ef1f6d) Importer(815301076,1909f56bfc062723c751e8b465ee728b)  -> (artifact id: '11768c9f9559586ad06ead843a1d9952') in 0.112835 seconds 
  Import took 0.119549 seconds .

========================================================================
Received Import Request.
  Time since last request: 0.000443 seconds.
  path: Assets/Materials/трава_10.jpg
  artifactKey: Guid(8cd0725f4c0c7c64fbe8e9e9f7c627a7) Importer(815301076,1909f56bfc062723c751e8b465ee728b)
Start importing Assets/Materials/трава_10.jpg using Guid(8cd0725f4c0c7c64fbe8e9e9f7c627a7) Importer(815301076,1909f56bfc062723c751e8b465ee728b)  -> (artifact id: '1a39f77a796ea64d42cb19cfb86941c1') in 0.158388 seconds 
  Import took 0.163835 seconds .

========================================================================
Received Import Request.
  Time since last request: 0.000331 seconds.
  path: Assets/Materials/1626737612_7-kartinkin-com-p-finish-tekstura-krasivo-7.jpg
  artifactKey: Guid(262d88e9941b3954d9c0ac562a5cc9d8) Importer(815301076,1909f56bfc062723c751e8b465ee728b)
Start importing Assets/Materials/1626737612_7-kartinkin-com-p-finish-tekstura-krasivo-7.jpg using Guid(262d88e9941b3954d9c0ac562a5cc9d8) Importer(815301076,1909f56bfc062723c751e8b465ee728b)  -> (artifact id: 'bd0b0acd42467e05825cdf55953f7064') in 0.088236 seconds 
  Import took 0.094575 seconds .

========================================================================
Received Import Request.
  Time since last request: 0.000308 seconds.
  path: Assets/Materials/1626737639_5-kartinkin-com-p-finish-tekstura-krasivo-5.png
  artifactKey: Guid(6c23b35188d5e4948ad43f9dbb1862b5) Importer(815301076,1909f56bfc062723c751e8b465ee728b)
Start importing Assets/Materials/1626737639_5-kartinkin-com-p-finish-tekstura-krasivo-5.png using Guid(6c23b35188d5e4948ad43f9dbb1862b5) Importer(815301076,1909f56bfc062723c751e8b465ee728b)  -> (artifact id: '391dedadcbb52002f4859054c838aded') in 0.054542 seconds 
  Import took 0.060902 seconds .

========================================================================
Received Prepare
Registering precompiled user dll's ...
Registered in 0.005605 seconds.
Begin MonoManager ReloadAssembly
Native extension for WindowsStandalone target not found
Refreshing native plugins compatible for Editor in 0.87 ms, found 2 plugins.
Preloading 0 native plugins for Editor in 0.00 ms.
Mono: successfully reloaded assembly
- Completed reload, in  1.816 seconds
Domain Reload Profiling:
	ReloadAssembly (1817ms)
		BeginReloadAssembly (245ms)
			ExecutionOrderSort (0ms)
			DisableScriptedObjects (7ms)
			BackupInstance (0ms)
			ReleaseScriptingObjects (0ms)
			CreateAndSetChildDomain (90ms)
		EndReloadAssembly (1457ms)
			LoadAssemblies (170ms)
			RebuildTransferFunctionScriptingTraits (0ms)
			SetupTypeCache (461ms)
			ReleaseScriptCaches (2ms)
			RebuildScriptCaches (75ms)
			SetupLoadedEditorAssemblies (600ms)
				LogAssemblyErrors (0ms)
				InitializePlatformSupportModulesInManaged (7ms)
				SetLoadedEditorAssemblies (1ms)
				RefreshPlugins (1ms)
				BeforeProcessingInitializeOnLoad (138ms)
				ProcessInitializeOnLoadAttributes (424ms)
				ProcessInitializeOnLoadMethodAttributes (20ms)
				AfterProcessingInitializeOnLoad (7ms)
				EditorAssembliesLoaded (2ms)
			ExecutionOrderSort2 (0ms)
			AwakeInstancesAfterBackupRestoration (15ms)
Platform modules already initialized, skipping
Refreshing native plugins compatible for Editor in 0.89 ms, found 2 plugins.
Preloading 0 native plugins for Editor in 0.00 ms.
Unloading 1502 Unused Serialized files (Serialized files now loaded: 0)
System memory in use before: 77.7 MB.
System memory in use after: 77.8 MB.

Unloading 14 unused Assets to reduce memory usage. Loaded Objects now: 1988.
Total: 8.584700 ms (FindLiveObjects: 0.647100 ms CreateObjectMapping: 0.080300 ms MarkObjects: 7.804700 ms  DeleteObjects: 0.046900 ms)

AssetImportParameters requested are different than current active one (requested -> active):
  custom:framework-win-MediaFoundation: 216162199b28c13a410421893ffa2e32 -> 
  custom:video-decoder-ogg-theora: a1e56fd34408186e4bbccfd4996cb3dc -> 
  custom:container-muxer-webm: aa71ff27fc2769a1b78a27578f13a17b -> 
  custom:container-demuxer-webm: 4f35f7cbe854078d1ac9338744f61a02 -> 
  custom:container-demuxer-ogg: 62fdf1f143b41e24485cea50d1cbac27 -> 
  custom:video-encoder-webm-vp8: eb34c28f22e8b96e1ab97ce403110664 -> 
  custom:video-decoder-webm-vp8: 9c59270c3fd7afecdb556c50c9e8de78 -> 
  custom:audio-decoder-ogg-vorbis: bf7c407c2cedff20999df2af8eb42d56 -> 
  custom:audio-encoder-webm-vorbis: bf7c407c2cedff20999df2af8eb42d56 -> 
========================================================================
Received Prepare
Refreshing native plugins compatible for Editor in 5.69 ms, found 2 plugins.
Preloading 0 native plugins for Editor in 0.00 ms.
Unloading 12 Unused Serialized files (Serialized files now loaded: 0)
System memory in use before: 48.2 MB.
System memory in use after: 48.3 MB.

Unloading 12 unused Assets to reduce memory usage. Loaded Objects now: 1988.
Total: 9.615900 ms (FindLiveObjects: 0.655300 ms CreateObjectMapping: 0.137500 ms MarkObjects: 8.775000 ms  DeleteObjects: 0.045500 ms)

AssetImportParameters requested are different than current active one (requested -> active):
  custom:framework-win-MediaFoundation: 216162199b28c13a410421893ffa2e32 -> 
  custom:video-decoder-ogg-theora: a1e56fd34408186e4bbccfd4996cb3dc -> 
  custom:container-muxer-webm: aa71ff27fc2769a1b78a27578f13a17b -> 
  custom:container-demuxer-webm: 4f35f7cbe854078d1ac9338744f61a02 -> 
  custom:container-demuxer-ogg: 62fdf1f143b41e24485cea50d1cbac27 -> 
  custom:video-encoder-webm-vp8: eb34c28f22e8b96e1ab97ce403110664 -> 
  custom:video-decoder-webm-vp8: 9c59270c3fd7afecdb556c50c9e8de78 -> 
  custom:audio-decoder-ogg-vorbis: bf7c407c2cedff20999df2af8eb42d56 -> 
  custom:audio-encoder-webm-vorbis: bf7c407c2cedff20999df2af8eb42d56 -> 
========================================================================
Received Prepare
Refreshing native plugins compatible for Editor in 6.18 ms, found 2 plugins.
Preloading 0 native plugins for Editor in 0.00 ms.
Unloading 12 Unused Serialized files (Serialized files now loaded: 0)
System memory in use before: 48.2 MB.
System memory in use after: 48.3 MB.

Unloading 12 unused Assets to reduce memory usage. Loaded Objects now: 1988.
Total: 6.406200 ms (FindLiveObjects: 0.395200 ms CreateObjectMapping: 0.067400 ms MarkObjects: 5.899700 ms  DeleteObjects: 0.041600 ms)

AssetImportParameters requested are different than current active one (requested -> active):
  custom:framework-win-MediaFoundation: 216162199b28c13a410421893ffa2e32 -> 
  custom:video-decoder-ogg-theora: a1e56fd34408186e4bbccfd4996cb3dc -> 
  custom:container-muxer-webm: aa71ff27fc2769a1b78a27578f13a17b -> 
  custom:container-demuxer-webm: 4f35f7cbe854078d1ac9338744f61a02 -> 
  custom:container-demuxer-ogg: 62fdf1f143b41e24485cea50d1cbac27 -> 
  custom:video-encoder-webm-vp8: eb34c28f22e8b96e1ab97ce403110664 -> 
  custom:video-decoder-webm-vp8: 9c59270c3fd7afecdb556c50c9e8de78 -> 
  custom:audio-decoder-ogg-vorbis: bf7c407c2cedff20999df2af8eb42d56 -> 
  custom:audio-encoder-webm-vorbis: bf7c407c2cedff20999df2af8eb42d56 -> 
AssetImportWorkerClient::OnTransportError - code=2 error=End of file
